Oct-01 16:20:28.554 [main] INFO  com.askimed.nf.test.App - nf-test 0.9.3
Oct-01 16:20:28.634 [main] INFO  com.askimed.nf.test.App - Arguments: [test, tests/data_processing.nf.test]
Oct-01 16:20:33.116 [main] INFO  com.askimed.nf.test.App - Nextflow Version: 24.10.5
Oct-01 16:20:33.119 [main] INFO  com.askimed.nf.test.commands.RunTestsCommand - Load config from file /home/zhuhenan/github/WESley/nextflow_automation/data_processing/nf-test.config...
Oct-01 16:20:35.025 [main] INFO  com.askimed.nf.test.lang.dependencies.DependencyResolver - Loaded 13 files from directory /home/zhuhenan/github/WESley/nextflow_automation/data_processing in 0.075 sec
Oct-01 16:20:35.043 [main] INFO  com.askimed.nf.test.lang.dependencies.DependencyResolver - Found 1 files containing tests.
Oct-01 16:20:35.043 [main] DEBUG com.askimed.nf.test.lang.dependencies.DependencyResolver - Found files: [/home/zhuhenan/github/WESley/nextflow_automation/data_processing/tests/data_processing.nf.test]
Oct-01 16:20:35.765 [main] INFO  com.askimed.nf.test.commands.RunTestsCommand - Found 1 tests to execute.
Oct-01 16:20:35.766 [main] INFO  com.askimed.nf.test.core.TestExecutionEngine - Started test plan
Oct-01 16:20:35.766 [main] INFO  com.askimed.nf.test.core.TestExecutionEngine - Running testsuite 'Test Workflow data_processing.nf' from file '/home/zhuhenan/github/WESley/nextflow_automation/data_processing/tests/data_processing.nf.test'.
Oct-01 16:20:35.767 [main] INFO  com.askimed.nf.test.core.TestExecutionEngine - Run test 'b5ae5f7d: Should run data_processing.nf workflow end-to-end without failures'. type: com.askimed.nf.test.lang.workflow.WorkflowTest
Oct-01 16:23:15.544 [main] INFO  com.askimed.nf.test.core.TestExecutionEngine - Test 'b5ae5f7d: Should run data_processing.nf workflow end-to-end without failures' finished. status: FAILED
org.codehaus.groovy.runtime.powerassert.PowerAssertionError: assert workflow.out.fastqc_files != null
       |        |   |            |
       workflow |   null         false
                ['0':[], '1':[], 'coverage_stats':[], 'multiqc_html':[]]
	at org.codehaus.groovy.runtime.InvokerHelper.assertFailed(InvokerHelper.java:432)
	at org.codehaus.groovy.runtime.ScriptBytecodeAdapter.assertFailed(ScriptBytecodeAdapter.java:670)
	at data_processing_nf$_run_closure1$_closure2$_closure4.doCall(data_processing.nf.test:22)
	at data_processing_nf$_run_closure1$_closure2$_closure4.doCall(data_processing.nf.test)
	at java.base/jdk.internal.reflect.NativeMethodAccessorImpl.invoke0(Native Method)
	at java.base/jdk.internal.reflect.NativeMethodAccessorImpl.invoke(NativeMethodAccessorImpl.java:77)
	at java.base/jdk.internal.reflect.DelegatingMethodAccessorImpl.invoke(DelegatingMethodAccessorImpl.java:43)
	at java.base/java.lang.reflect.Method.invoke(Method.java:569)
	at org.codehaus.groovy.reflection.CachedMethod.invoke(CachedMethod.java:107)
	at groovy.lang.MetaMethod.doMethodInvoke(MetaMethod.java:323)
	at org.codehaus.groovy.runtime.metaclass.ClosureMetaClass.invokeMethod(ClosureMetaClass.java:274)
	at groovy.lang.MetaClassImpl.invokeMethod(MetaClassImpl.java:1030)
	at groovy.lang.Closure.call(Closure.java:427)
	at groovy.lang.Closure.call(Closure.java:406)
	at com.askimed.nf.test.lang.TestCode.execute(TestCode.java:16)
	at com.askimed.nf.test.lang.workflow.WorkflowTest.execute(WorkflowTest.java:178)
	at com.askimed.nf.test.core.TestExecutionEngine.execute(TestExecutionEngine.java:172)
	at com.askimed.nf.test.commands.RunTestsCommand.execute(RunTestsCommand.java:322)
	at com.askimed.nf.test.commands.AbstractCommand.call(AbstractCommand.java:43)
	at com.askimed.nf.test.commands.AbstractCommand.call(AbstractCommand.java:18)
	at picocli.CommandLine.executeUserObject(CommandLine.java:1953)
	at picocli.CommandLine.access$1300(CommandLine.java:145)
	at picocli.CommandLine$RunLast.executeUserObjectOfLastSubcommandWithSameParent(CommandLine.java:2352)
	at picocli.CommandLine$RunLast.handle(CommandLine.java:2346)
	at picocli.CommandLine$RunLast.handle(CommandLine.java:2311)
	at picocli.CommandLine$AbstractParseResultHandler.execute(CommandLine.java:2179)
	at picocli.CommandLine.execute(CommandLine.java:2078)
	at com.askimed.nf.test.App.run(App.java:39)
	at com.askimed.nf.test.App.main(App.java:46)
Oct-01 16:23:15.557 [main] INFO  com.askimed.nf.test.core.TestExecutionEngine - Testsuite 'Test Workflow data_processing.nf' finished. snapshot file: false, skipped tests: false, failed tests: true
Oct-01 16:23:15.558 [main] INFO  com.askimed.nf.test.core.TestExecutionEngine - Executed 1 tests. 1 tests failed. Done!
